================================================================================
Appcelerator Titanium Diagnostics Build Log
The contents of this file are useful to send to Appcelerator Support if
reporting an issue to help us understand your environment, build settings
and aid in debugging. Please attach this log to any issue that you report.
================================================================================

Starting build at 04/12/11 16:18

Build details:

   timestamp=03/15/11 11:45
   version=1.6.1
   githash=2fdc0c5


Script arguments:
   /Users/kd322/Library/Application Support/Titanium/mobilesdk/osx/1.6.1/iphone/builder.py
   simulator
   "4.3"
   "/Users/kd322/Documents/pigeon"
   com.caret.pigeon
   "pigeon"
   ipad

Building from: /Users/kd322/Library/Application Support/Titanium/mobilesdk/osx/1.6.1/iphone
Platform: Darwin Kernel Version 10.6.0: Wed Nov 10 18:13:17 PST 2010; root:xnu-1504.9.26~3/RELEASE_I386

Xcode path is: /Developer

[INFO] Detected third-party module: ti.paint/1.0
githash=2fdc0c5, existing_git_hash=2fdc0c5
writing contents of /Users/kd322/Documents/pigeon/build/iphone/project.xcconfig:

TI_VERSION=1.6.1
TI_SDK_DIR=/Users/kd322/Library/Application Support/Titanium/mobilesdk/osx/$(TI_VERSION)/iphone
TI_APPID=com.caret.pigeon
OTHER_LDFLAGS[sdk=iphoneos4*]=$(inherited) -weak_framework iAd
OTHER_LDFLAGS[sdk=iphonesimulator4*]=$(inherited) -weak_framework iAd
#include "module"

old contents


Generated the following stylecode code:

<?xml version="1.0" encoding="UTF-8"?>
<!DOCTYPE plist PUBLIC "-//Apple//DTD PLIST 1.0//EN" "http://www.apple.com/DTDs/PropertyList-1.0.dtd">
<plist version="1.0">
	<dict>
		<key>classes</key>
		<dict>
</dict>

		<key>classes_density</key>
		<dict>
</dict>

		<key>ids</key>
		<dict>
</dict>

		<key>ids_density</key>
		<dict>
</dict>

	</dict>
</plist>
Starting Xcode compile with the following arguments:

    xcodebuild
    -target
    pigeon-iPad
    -configuration
    Debug
    -sdk
    iphonesimulator4.3
    GCC_PREPROCESSOR_DEFINITIONS=__LOG__ID__=590a4e4c-5132-4611-bb34-f5f26484b227 DEPLOYTYPE=development TI_DEVELOPMENT=1 DEBUG=1 TI_VERSION=1.6.1
    IPHONEOS_DEPLOYMENT_TARGET=3.2
    TARGETED_DEVICE_FAMILY=2
    VALID_ARCHS=armv6 armv7 i386

app_id = com.caret.pigeon


Build settings from command line:
    GCC_PREPROCESSOR_DEFINITIONS = __LOG__ID__=590a4e4c-5132-4611-bb34-f5f26484b227 DEPLOYTYPE=development TI_DEVELOPMENT=1 DEBUG=1 TI_VERSION=1.6.1
    IPHONEOS_DEPLOYMENT_TARGET = 3.2
    PLATFORM_NAME = iphonesimulator
    SDKROOT = /Developer/Platforms/iPhoneSimulator.platform/Developer/SDKs/iPhoneSimulator4.3.sdk
    TARGETED_DEVICE_FAMILY = 2
    VALID_ARCHS = armv6 armv7 i386


=== BUILD NATIVE TARGET pigeon-iPad OF PROJECT pigeon WITH CONFIGURATION Debug ===
Check dependencies
ProcessInfoPlistFile build/Debug-iphonesimulator/pigeon.app/Info.plist Info.plist
    cd /Users/kd322/Documents/pigeon/build/iphone
    setenv PATH "/Developer/Platforms/iPhoneSimulator.platform/Developer/usr/bin:/Developer/usr/bin:/usr/bin:/bin:/usr/sbin:/sbin"
    builtin-infoPlistUtility Info.plist -genpkginfo /Users/kd322/Documents/pigeon/build/iphone/build/Debug-iphonesimulator/pigeon.app/PkgInfo -expandbuildsettings -format binary -platform iphonesimulator -o /Users/kd322/Documents/pigeon/build/iphone/build/Debug-iphonesimulator/pigeon.app/Info.plist

PhaseScriptExecution Pre-Compile build/pigeon.build/Debug-iphonesimulator/pigeon-iPad.build/Script-24D8E3B9119B9D8A00F8CAA6.sh
    cd /Users/kd322/Documents/pigeon/build/iphone
    setenv ACTION build
    setenv ALTERNATE_GROUP staff
    setenv ALTERNATE_MODE u+w,go-w,a+rX
    setenv ALTERNATE_OWNER kd322
    setenv ALWAYS_SEARCH_USER_PATHS NO
    setenv APPLE_INTERNAL_DEVELOPER_DIR /AppleInternal/Developer
    setenv APPLE_INTERNAL_DIR /AppleInternal
    setenv APPLE_INTERNAL_DOCUMENTATION_DIR /AppleInternal/Documentation
    setenv APPLE_INTERNAL_LIBRARY_DIR /AppleInternal/Library
    setenv APPLE_INTERNAL_TOOLS /AppleInternal/Developer/Tools
    setenv APPLY_RULES_IN_COPY_FILES NO
    setenv ARCHS i386
    setenv ARCHS_STANDARD_32_BIT i386
    setenv ARCHS_UNIVERSAL_IPHONE_OS i386
    setenv BUILD_COMPONENTS "headers build"
    setenv BUILD_DIR /Users/kd322/Documents/pigeon/build/iphone/build
    setenv BUILD_ROOT /Users/kd322/Documents/pigeon/build/iphone/build
    setenv BUILD_STYLE Debug
    setenv BUILD_VARIANTS normal
    setenv BUILT_PRODUCTS_DIR /Users/kd322/Documents/pigeon/build/iphone/build/Debug-iphonesimulator
    setenv CACHE_ROOT /var/folders/3D/3DviYTj4Hp43+3mvrkoigU+++TQ/-Caches-/com.apple.Xcode.503
    setenv CCHROOT /var/folders/3D/3DviYTj4Hp43+3mvrkoigU+++TQ/-Caches-/com.apple.Xcode.503
    setenv CHMOD /bin/chmod
    setenv CHOWN /usr/sbin/chown
    setenv CLASS_FILE_DIR /Users/kd322/Documents/pigeon/build/iphone/build/pigeon.build/Debug-iphonesimulator/pigeon-iPad.build/JavaClasses
    setenv CLEAN_PRECOMPS YES
    setenv CLONE_HEADERS NO
    setenv CODESIGNING_FOLDER_PATH /Users/kd322/Documents/pigeon/build/iphone/build/Debug-iphonesimulator/pigeon.app
    setenv CODE_SIGN_IDENTITY "iPhone Developer"
    setenv COMMAND_MODE legacy
    setenv COMPOSITE_SDK_DIRS /var/folders/3D/3DviYTj4Hp43+3mvrkoigU+++TQ/-Caches-/com.apple.Xcode.503/CompositeSDKs
    setenv COMPRESS_PNG_FILES YES
    setenv CONFIGURATION Debug
    setenv CONFIGURATION_BUILD_DIR /Users/kd322/Documents/pigeon/build/iphone/build/Debug-iphonesimulator
    setenv CONFIGURATION_TEMP_DIR /Users/kd322/Documents/pigeon/build/iphone/build/pigeon.build/Debug-iphonesimulator
    setenv CONTENTS_FOLDER_PATH pigeon.app
    setenv COPYING_PRESERVES_HFS_DATA NO
    setenv COPY_PHASE_STRIP NO
    setenv COPY_RESOURCES_FROM_STATIC_FRAMEWORKS YES
    setenv CP /bin/cp
    setenv CURRENT_ARCH i386
    setenv CURRENT_VARIANT normal
    setenv DEAD_CODE_STRIPPING NO
    setenv DEBUGGING_SYMBOLS YES
    setenv DEBUG_INFORMATION_FORMAT dwarf-with-dsym
    setenv DEPLOYMENT_LOCATION NO
    setenv DEPLOYMENT_POSTPROCESSING NO
    setenv DERIVED_FILES_DIR /Users/kd322/Documents/pigeon/build/iphone/build/pigeon.build/Debug-iphonesimulator/pigeon-iPad.build/DerivedSources
    setenv DERIVED_FILE_DIR /Users/kd322/Documents/pigeon/build/iphone/build/pigeon.build/Debug-iphonesimulator/pigeon-iPad.build/DerivedSources
    setenv DERIVED_SOURCES_DIR /Users/kd322/Documents/pigeon/build/iphone/build/pigeon.build/Debug-iphonesimulator/pigeon-iPad.build/DerivedSources
    setenv DEVELOPER_APPLICATIONS_DIR /Developer/Applications
    setenv DEVELOPER_BIN_DIR /Developer/usr/bin
    setenv DEVELOPER_DIR /Developer
    setenv DEVELOPER_FRAMEWORKS_DIR /Developer/Library/Frameworks
    setenv DEVELOPER_FRAMEWORKS_DIR_QUOTED "\"/Developer/Library/Frameworks\""
    setenv DEVELOPER_LIBRARY_DIR /Developer/Library
    setenv DEVELOPER_SDK_DIR /Developer/SDKs
    setenv DEVELOPER_TOOLS_DIR /Developer/Tools
    setenv DEVELOPER_USR_DIR /Developer/usr
    setenv DEVELOPMENT_LANGUAGE English
    setenv DOCUMENTATION_FOLDER_PATH pigeon.app/English.lproj/Documentation
    setenv DO_HEADER_SCANNING_IN_JAM NO
    setenv DSTROOT /tmp/pigeon.dst
    setenv DWARF_DSYM_FILE_NAME pigeon.app.dSYM
    setenv DWARF_DSYM_FOLDER_PATH /Users/kd322/Documents/pigeon/build/iphone/build/Debug-iphonesimulator
    setenv EFFECTIVE_PLATFORM_NAME -iphonesimulator
    setenv ENABLE_HEADER_DEPENDENCIES YES
    setenv ENABLE_OPENMP_SUPPORT NO
    setenv EXCLUDED_INSTALLSRC_SUBDIRECTORY_PATTERNS ".svn .git CVS"
    setenv EXCLUDED_RECURSIVE_SEARCH_PATH_SUBDIRECTORIES "*.nib *.lproj *.framework *.gch (*) CVS .svn .git *.xcodeproj *.xcode *.pbproj *.pbxproj"
    setenv EXECUTABLES_FOLDER_PATH pigeon.app/Executables
    setenv EXECUTABLE_FOLDER_PATH pigeon.app
    setenv EXECUTABLE_NAME pigeon
    setenv EXECUTABLE_PATH pigeon.app/pigeon
    setenv FILE_LIST /Users/kd322/Documents/pigeon/build/iphone/build/pigeon.build/Debug-iphonesimulator/pigeon-iPad.build/Objects/LinkFileList
    setenv FIXED_FILES_DIR /Users/kd322/Documents/pigeon/build/iphone/build/pigeon.build/Debug-iphonesimulator/pigeon-iPad.build/FixedFiles
    setenv FRAMEWORKS_FOLDER_PATH pigeon.app/Frameworks
    setenv FRAMEWORK_FLAG_PREFIX -framework
    setenv FRAMEWORK_SEARCH_PATHS "\"/Users/kd322/Documents/pigeon/build/iphone/build/Debug-iphonesimulator\" "
    setenv FRAMEWORK_VERSION A
    setenv FULL_PRODUCT_NAME pigeon.app
    setenv GCC3_VERSION 3.3
    setenv GCC_C_LANGUAGE_STANDARD c99
    setenv GCC_DYNAMIC_NO_PIC NO
    setenv GCC_INLINES_ARE_PRIVATE_EXTERN YES
    setenv GCC_OBJC_LEGACY_DISPATCH YES
    setenv GCC_OPTIMIZATION_LEVEL 0
    setenv GCC_PFE_FILE_C_DIALECTS "c objective-c c++ objective-c++"
    setenv GCC_PRECOMPILE_PREFIX_HEADER YES
    setenv GCC_PREFIX_HEADER pigeon_Prefix.pch
    setenv GCC_PREPROCESSOR_DEFINITIONS "__LOG__ID__=590a4e4c-5132-4611-bb34-f5f26484b227 DEPLOYTYPE=development TI_DEVELOPMENT=1 DEBUG=1 TI_VERSION=1.6.1"
    setenv GCC_SYMBOLS_PRIVATE_EXTERN YES
    setenv GCC_TREAT_WARNINGS_AS_ERRORS NO
    setenv GCC_VERSION 4.2
    setenv GCC_WARN_ABOUT_RETURN_TYPE NO
    setenv GCC_WARN_MISSING_PARENTHESES NO
    setenv GCC_WARN_SHADOW NO
    setenv GCC_WARN_STRICT_SELECTOR_MATCH NO
    setenv GCC_WARN_UNUSED_FUNCTION YES
    setenv GCC_WARN_UNUSED_PARAMETER NO
    setenv GCC_WARN_UNUSED_VALUE NO
    setenv GCC_WARN_UNUSED_VARIABLE NO
    setenv GENERATE_MASTER_OBJECT_FILE NO
    setenv GENERATE_PKGINFO_FILE YES
    setenv GENERATE_PROFILING_CODE NO
    setenv GID 20
    setenv GROUP staff
    setenv HEADERMAP_INCLUDES_FLAT_ENTRIES_FOR_TARGET_BEING_BUILT YES
    setenv HEADERMAP_INCLUDES_FRAMEWORK_ENTRIES_FOR_ALL_PRODUCT_TYPES YES
    setenv HEADERMAP_INCLUDES_NONPUBLIC_NONPRIVATE_HEADERS YES
    setenv HEADERMAP_INCLUDES_PROJECT_HEADERS YES
    setenv HEADER_SEARCH_PATHS "\"/Users/kd322/Documents/pigeon/build/iphone/build/Debug-iphonesimulator/include\" /Developer/Platforms/iPhoneSimulator.platform/Developer/SDKs/iPhoneSimulator4.3.sdk/usr/include/libxml2 headers"
    setenv ICONV /usr/bin/iconv
    setenv INFOPLIST_EXPAND_BUILD_SETTINGS YES
    setenv INFOPLIST_FILE Info.plist
    setenv INFOPLIST_OUTPUT_FORMAT binary
    setenv INFOPLIST_PATH pigeon.app/Info.plist
    setenv INFOPLIST_PREPROCESS NO
    setenv INFOSTRINGS_PATH pigeon.app/English.lproj/InfoPlist.strings
    setenv INSTALL_DIR /tmp/pigeon.dst/Applications
    setenv INSTALL_GROUP staff
    setenv INSTALL_MODE_FLAG u+w,go-w,a+rX
    setenv INSTALL_OWNER kd322
    setenv INSTALL_PATH /Applications
    setenv INSTALL_ROOT /tmp/pigeon.dst
    setenv IPHONEOS_DEPLOYMENT_TARGET 3.2
    setenv JAVAC_DEFAULT_FLAGS "-J-Xms64m -J-XX:NewSize=4M -J-Dfile.encoding=UTF8"
    setenv JAVA_APP_STUB /System/Library/Frameworks/JavaVM.framework/Resources/MacOS/JavaApplicationStub
    setenv JAVA_ARCHIVE_CLASSES YES
    setenv JAVA_ARCHIVE_TYPE JAR
    setenv JAVA_COMPILER /usr/bin/javac
    setenv JAVA_FOLDER_PATH pigeon.app/Java
    setenv JAVA_FRAMEWORK_RESOURCES_DIRS Resources
    setenv JAVA_JAR_FLAGS cv
    setenv JAVA_SOURCE_SUBDIR .
    setenv JAVA_USE_DEPENDENCIES YES
    setenv JAVA_ZIP_FLAGS -urg
    setenv JIKES_DEFAULT_FLAGS "+E +OLDCSO"
    setenv KEEP_PRIVATE_EXTERNS NO
    setenv LD_GENERATE_MAP_FILE NO
    setenv LD_MAP_FILE_PATH /Users/kd322/Documents/pigeon/build/iphone/build/pigeon.build/Debug-iphonesimulator/pigeon-iPad.build/pigeon-LinkMap-normal-i386.txt
    setenv LD_OPENMP_FLAGS -fopenmp
    setenv LEX /Developer/usr/bin/lex
    setenv LIBRARY_FLAG_NOSPACE YES
    setenv LIBRARY_FLAG_PREFIX -l
    setenv LIBRARY_SEARCH_PATHS "\"/Users/kd322/Documents/pigeon/build/iphone/build/Debug-iphonesimulator\"  \"/Users/kd322/Documents/pigeon/build/iphone/lib\" \"/Users/kd322/Library/Application Support/Titanium/modules/iphone/ti.paint/1.0\" \"/Users/kd322/Documents/pigeon/build/iphone/../../../../tmp/staticlib/build/Debug-iphonesimulator\" \"/Users/kd322/Documents/pigeon/build/iphone/../../../tijs/TiCore/TiCore/build/Release-iphonesimulator\""
    setenv LINKER_DISPLAYS_MANGLED_NAMES NO
    setenv LINK_FILE_LIST_normal_i386 /Users/kd322/Documents/pigeon/build/iphone/build/pigeon.build/Debug-iphonesimulator/pigeon-iPad.build/Objects-normal/i386/pigeon.LinkFileList
    setenv LINK_WITH_STANDARD_LIBRARIES YES
    setenv LOCALIZED_RESOURCES_FOLDER_PATH pigeon.app/English.lproj
    setenv LOCAL_ADMIN_APPS_DIR /Applications/Utilities
    setenv LOCAL_APPS_DIR /Applications
    setenv LOCAL_DEVELOPER_DIR /Library/Developer
    setenv LOCAL_LIBRARY_DIR /Library
    setenv MACH_O_TYPE mh_execute
    setenv MACOSX_DEPLOYMENT_TARGET 10.6
    setenv MAC_OS_X_PRODUCT_BUILD_VERSION 10J567
    setenv MAC_OS_X_VERSION_ACTUAL 1066
    setenv MAC_OS_X_VERSION_MAJOR 1060
    setenv MAC_OS_X_VERSION_MINOR 0606
    setenv NATIVE_ARCH i386
    setenv NATIVE_ARCH_32_BIT i386
    setenv NATIVE_ARCH_64_BIT x86_64
    setenv NATIVE_ARCH_ACTUAL x86_64
    setenv NO_COMMON YES
    setenv OBJC_ABI_VERSION 2
    setenv OBJECT_FILE_DIR /Users/kd322/Documents/pigeon/build/iphone/build/pigeon.build/Debug-iphonesimulator/pigeon-iPad.build/Objects
    setenv OBJECT_FILE_DIR_normal /Users/kd322/Documents/pigeon/build/iphone/build/pigeon.build/Debug-iphonesimulator/pigeon-iPad.build/Objects-normal
    setenv OBJROOT /Users/kd322/Documents/pigeon/build/iphone/build
    setenv ONLY_ACTIVE_ARCH NO
    setenv OPTIMIZATION_LEVEL 0
    setenv OS MACOS
    setenv OSAC /usr/bin/osacompile
    setenv OTHER_CFLAGS "-DIPAD -DTI_POST_1_2 -DDEBUG"
    setenv OTHER_CPLUSPLUSFLAGS "-DIPAD -DTI_POST_1_2 -DDEBUG"
    setenv OTHER_LDFLAGS "-ObjC -weak_framework iAd"
    setenv PACKAGE_TYPE com.apple.package-type.wrapper.application
    setenv PASCAL_STRINGS YES
    setenv PATH "/Developer/Platforms/iPhoneSimulator.platform/Developer/usr/bin:/Developer/usr/bin:/usr/bin:/bin:/usr/sbin:/sbin"
    setenv PATH_PREFIXES_EXCLUDED_FROM_HEADER_DEPENDENCIES "/usr/include /usr/local/include /System/Library/Frameworks /System/Library/PrivateFrameworks /Developer/Headers /Developer/SDKs /Developer/Platforms"
    setenv PBDEVELOPMENTPLIST_PATH pigeon.app/pbdevelopment.plist
    setenv PFE_FILE_C_DIALECTS "c objective-c c++ objective-c++"
    setenv PKGINFO_FILE_PATH /Users/kd322/Documents/pigeon/build/iphone/build/pigeon.build/Debug-iphonesimulator/pigeon-iPad.build/PkgInfo
    setenv PKGINFO_PATH pigeon.app/PkgInfo
    setenv PLATFORM_DEVELOPER_APPLICATIONS_DIR /Developer/Platforms/iPhoneSimulator.platform/Developer/Applications
    setenv PLATFORM_DEVELOPER_BIN_DIR /Developer/Platforms/iPhoneSimulator.platform/Developer/usr/bin
    setenv PLATFORM_DEVELOPER_LIBRARY_DIR /Developer/Platforms/iPhoneSimulator.platform/Developer/Library
    setenv PLATFORM_DEVELOPER_SDK_DIR /Developer/Platforms/iPhoneSimulator.platform/Developer/SDKs
    setenv PLATFORM_DEVELOPER_TOOLS_DIR /Developer/Platforms/iPhoneSimulator.platform/Developer/Tools
    setenv PLATFORM_DEVELOPER_USR_DIR /Developer/Platforms/iPhoneSimulator.platform/Developer/usr
    setenv PLATFORM_DIR /Developer/Platforms/iPhoneSimulator.platform
    setenv PLATFORM_NAME iphonesimulator
    setenv PLATFORM_PRODUCT_BUILD_VERSION 8F190
    setenv PLATFORM_VERSION_AVAILABILITY_H_FORMAT 40300
    setenv PLIST_FILE_OUTPUT_FORMAT binary
    setenv PLUGINS_FOLDER_PATH pigeon.app/PlugIns
    setenv PREBINDING NO
    setenv PRECOMPS_INCLUDE_HEADERS_FROM_BUILT_PRODUCTS_DIR YES
    setenv PRECOMP_DESTINATION_DIR /Users/kd322/Documents/pigeon/build/iphone/build/pigeon.build/Debug-iphonesimulator/pigeon-iPad.build/PrefixHeaders
    setenv PRESERVE_DEAD_CODE_INITS_AND_TERMS NO
    setenv PRIVATE_HEADERS_FOLDER_PATH pigeon.app/PrivateHeaders
    setenv PRODUCT_NAME pigeon
    setenv PRODUCT_SETTINGS_PATH /Users/kd322/Documents/pigeon/build/iphone/Info.plist
    setenv PRODUCT_TYPE com.apple.product-type.application
    setenv PROFILING_CODE NO
    setenv PROJECT pigeon
    setenv PROJECT_DERIVED_FILE_DIR /Users/kd322/Documents/pigeon/build/iphone/build/pigeon.build/DerivedSources
    setenv PROJECT_DIR /Users/kd322/Documents/pigeon/build/iphone
    setenv PROJECT_FILE_PATH /Users/kd322/Documents/pigeon/build/iphone/pigeon.xcodeproj
    setenv PROJECT_NAME pigeon
    setenv PROJECT_TEMP_DIR /Users/kd322/Documents/pigeon/build/iphone/build/pigeon.build
    setenv PUBLIC_HEADERS_FOLDER_PATH pigeon.app/Headers
    setenv RECURSIVE_SEARCH_PATHS_FOLLOW_SYMLINKS YES
    setenv REMOVE_CVS_FROM_RESOURCES YES
    setenv REMOVE_GIT_FROM_RESOURCES YES
    setenv REMOVE_SVN_FROM_RESOURCES YES
    setenv REZ_COLLECTOR_DIR /Users/kd322/Documents/pigeon/build/iphone/build/pigeon.build/Debug-iphonesimulator/pigeon-iPad.build/ResourceManagerResources
    setenv REZ_OBJECTS_DIR /Users/kd322/Documents/pigeon/build/iphone/build/pigeon.build/Debug-iphonesimulator/pigeon-iPad.build/ResourceManagerResources/Objects
    setenv REZ_SEARCH_PATHS "\"/Users/kd322/Documents/pigeon/build/iphone/build/Debug-iphonesimulator\" "
    setenv RUN_CLANG_STATIC_ANALYZER NO
    setenv SCAN_ALL_SOURCE_FILES_FOR_INCLUDES NO
    setenv SCRIPTS_FOLDER_PATH pigeon.app/Scripts
    setenv SCRIPT_INPUT_FILE_COUNT 0
    setenv SCRIPT_OUTPUT_FILE_COUNT 0
    setenv SDKROOT /Developer/Platforms/iPhoneSimulator.platform/Developer/SDKs/iPhoneSimulator4.3.sdk
    setenv SDK_DIR /Developer/Platforms/iPhoneSimulator.platform/Developer/SDKs/iPhoneSimulator4.3.sdk
    setenv SDK_NAME iphonesimulator4.3
    setenv SDK_PRODUCT_BUILD_VERSION 8F190
    setenv SED /usr/bin/sed
    setenv SEPARATE_STRIP NO
    setenv SEPARATE_SYMBOL_EDIT NO
    setenv SET_DIR_MODE_OWNER_GROUP YES
    setenv SET_FILE_MODE_OWNER_GROUP NO
    setenv SHALLOW_BUNDLE YES
    setenv SHARED_DERIVED_FILE_DIR /Users/kd322/Documents/pigeon/build/iphone/build/Debug-iphonesimulator/DerivedSources
    setenv SHARED_FRAMEWORKS_FOLDER_PATH pigeon.app/SharedFrameworks
    setenv SHARED_PRECOMPS_DIR /var/folders/3D/3DviYTj4Hp43+3mvrkoigU+++TQ/-Caches-/com.apple.Xcode.503/SharedPrecompiledHeaders
    setenv SHARED_SUPPORT_FOLDER_PATH pigeon.app/SharedSupport
    setenv SKIP_INSTALL YES
    setenv SOURCE_ROOT /Users/kd322/Documents/pigeon/build/iphone
    setenv SRCROOT /Users/kd322/Documents/pigeon/build/iphone
    setenv STANDARD_C_PLUS_PLUS_LIBRARY_TYPE dynamic
    setenv STRINGS_FILE_OUTPUT_ENCODING binary
    setenv STRIP_INSTALLED_PRODUCT YES
    setenv STRIP_STYLE all
    setenv SUPPORTED_DEVICE_FAMILIES "1 2"
    setenv SYMBOL_REPOSITORY_DIR /Users/kd322/Documents/pigeon/build/iphone/build/pigeon.build/Debug-iphonesimulator/pigeon-iPad.build/SymbolRepositories
    setenv SYMROOT /Users/kd322/Documents/pigeon/build/iphone/build
    setenv SYSTEM_ADMIN_APPS_DIR /Applications/Utilities
    setenv SYSTEM_APPS_DIR /Applications
    setenv SYSTEM_CORE_SERVICES_DIR /System/Library/CoreServices
    setenv SYSTEM_DEMOS_DIR /Applications/Extras
    setenv SYSTEM_DEVELOPER_APPS_DIR /Developer/Applications
    setenv SYSTEM_DEVELOPER_BIN_DIR /Developer/usr/bin
    setenv SYSTEM_DEVELOPER_DEMOS_DIR "/Developer/Applications/Utilities/Built Examples"
    setenv SYSTEM_DEVELOPER_DIR /Developer
    setenv SYSTEM_DEVELOPER_DOC_DIR "/Developer/ADC Reference Library"
    setenv SYSTEM_DEVELOPER_GRAPHICS_TOOLS_DIR "/Developer/Applications/Graphics Tools"
    setenv SYSTEM_DEVELOPER_JAVA_TOOLS_DIR "/Developer/Applications/Java Tools"
    setenv SYSTEM_DEVELOPER_PERFORMANCE_TOOLS_DIR "/Developer/Applications/Performance Tools"
    setenv SYSTEM_DEVELOPER_RELEASENOTES_DIR "/Developer/ADC Reference Library/releasenotes"
    setenv SYSTEM_DEVELOPER_TOOLS /Developer/Tools
    setenv SYSTEM_DEVELOPER_TOOLS_DOC_DIR "/Developer/ADC Reference Library/documentation/DeveloperTools"
    setenv SYSTEM_DEVELOPER_TOOLS_RELEASENOTES_DIR "/Developer/ADC Reference Library/releasenotes/DeveloperTools"
    setenv SYSTEM_DEVELOPER_USR_DIR /Developer/usr
    setenv SYSTEM_DEVELOPER_UTILITIES_DIR /Developer/Applications/Utilities
    setenv SYSTEM_DOCUMENTATION_DIR /Library/Documentation
    setenv SYSTEM_LIBRARY_DIR /System/Library
    setenv TARGETED_DEVICE_FAMILY 2
    setenv TARGETNAME pigeon-iPad
    setenv TARGET_BUILD_DIR /Users/kd322/Documents/pigeon/build/iphone/build/Debug-iphonesimulator
    setenv TARGET_NAME pigeon-iPad
    setenv TARGET_TEMP_DIR /Users/kd322/Documents/pigeon/build/iphone/build/pigeon.build/Debug-iphonesimulator/pigeon-iPad.build
    setenv TEMP_DIR /Users/kd322/Documents/pigeon/build/iphone/build/pigeon.build/Debug-iphonesimulator/pigeon-iPad.build
    setenv TEMP_FILES_DIR /Users/kd322/Documents/pigeon/build/iphone/build/pigeon.build/Debug-iphonesimulator/pigeon-iPad.build
    setenv TEMP_FILE_DIR /Users/kd322/Documents/pigeon/build/iphone/build/pigeon.build/Debug-iphonesimulator/pigeon-iPad.build
    setenv TEMP_ROOT /Users/kd322/Documents/pigeon/build/iphone/build
    setenv TI_APPID com.caret.pigeon
    setenv TI_SDK_DIR "/Users/kd322/Library/Application Support/Titanium/mobilesdk/osx/1.6.1/iphone"
    setenv TI_VERSION 1.6.1
    setenv UID 503
    setenv UNLOCALIZED_RESOURCES_FOLDER_PATH pigeon.app
    setenv UNSTRIPPED_PRODUCT NO
    setenv USER kd322
    setenv USER_APPS_DIR /Users/kd322/Applications
    setenv USER_LIBRARY_DIR /Users/kd322/Library
    setenv USE_DYNAMIC_NO_PIC YES
    setenv USE_HEADERMAP YES
    setenv USE_HEADER_SYMLINKS NO
    setenv VALIDATE_PRODUCT NO
    setenv VALID_ARCHS "armv6 armv7 i386"
    setenv VERBOSE_PBXCP NO
    setenv VERSIONPLIST_PATH pigeon.app/version.plist
    setenv VERSION_INFO_BUILDER kd322
    setenv VERSION_INFO_FILE pigeon_vers.c
    setenv VERSION_INFO_STRING "\"@(#)PROGRAM:pigeon  PROJECT:pigeon-\""
    setenv WRAPPER_EXTENSION app
    setenv WRAPPER_NAME pigeon.app
    setenv WRAPPER_SUFFIX .app
    setenv XCODE_APP_SUPPORT_DIR /Developer/Library/Xcode
    setenv XCODE_PRODUCT_BUILD_VERSION 10M2518
    setenv XCODE_VERSION_ACTUAL 0400
    setenv XCODE_VERSION_MAJOR 0400
    setenv XCODE_VERSION_MINOR 0400
    setenv YACC /Developer/usr/bin/yacc
    /bin/sh -c /Users/kd322/Documents/pigeon/build/iphone/build/pigeon.build/Debug-iphonesimulator/pigeon-iPad.build/Script-24D8E3B9119B9D8A00F8CAA6.sh

[INFO] One moment, building ...
[DEBUG] Detecting modules in /Users/kd322/Documents/pigeon/modules
[DEBUG] Detecting modules in /Users/kd322/Library/Application Support/Titanium/modules
[DEBUG] Detected module for iphone: ti.admob 1.0 @ /Users/kd322/Library/Application Support/Titanium/modules/iphone/ti.admob/1.0
[DEBUG] Detected module for iphone: ti.flurry 0.1 @ /Users/kd322/Library/Application Support/Titanium/modules/iphone/ti.flurry/0.1
[DEBUG] Detected module for iphone: ti.paint 1.0 @ /Users/kd322/Library/Application Support/Titanium/modules/iphone/ti.paint/1.0
[DEBUG] Looking for Titanium Module id: ti.paint, version: 1.0, platform: <any platform>
[INFO] Titanium SDK version: 1.6.1
[INFO] iPhone Device family: ipad
[INFO] iPhone SDK version: 4.3
[DEBUG] copy resources from /Users/kd322/Documents/pigeon/Resources/iphone to /Users/kd322/Documents/pigeon/build/iphone/build/Debug-iphonesimulator/pigeon.app
[DEBUG] copy resources from /Users/kd322/Documents/pigeon/Resources to /Users/kd322/Documents/pigeon/build/iphone/build/Debug-iphonesimulator/pigeon.app
[DEBUG] copying: /Users/kd322/Documents/pigeon/Resources/note.txt to /Users/kd322/Documents/pigeon/build/iphone/build/Debug-iphonesimulator/pigeon.app/note.txt
[DEBUG] compiling: /Users/kd322/Documents/pigeon/Resources/app copy.js
[DEBUG] detected symbol: include
[DEBUG] detected symbol: Filesystem.applicationDataDirectory
[DEBUG] detected symbol: API.info
[DEBUG] detected symbol: Filesystem.getFile
[DEBUG] detected symbol: UI.createWindow
[DEBUG] detected symbol: UI.createWindow
[DEBUG] detected symbol: UI.createProgressBar
[DEBUG] detected symbol: UI.iPhone.ProgressBarStyle.PLAIN
[DEBUG] detected symbol: UI.createWebView
[DEBUG] detected symbol: API.info
[DEBUG] detected symbol: UI.createButton
[DEBUG] detected symbol: UI.createButton
[DEBUG] detected symbol: Filesystem.getFile
[DEBUG] detected symbol: Filesystem.getFile
[DEBUG] detected symbol: App.addEventListener
[DEBUG] detected symbol: API.info
[DEBUG] compiling: /Users/kd322/Documents/pigeon/Resources/app.js
[DEBUG] detected symbol: include
[DEBUG] detected symbol: include
[DEBUG] detected symbol: UI.setBackgroundColor
[DEBUG] detected symbol: UI.createWindow
[DEBUG] compiling: /Users/kd322/Documents/pigeon/Resources/contact.js
[DEBUG] detected symbol: UI.createView
[DEBUG] detected symbol: UI.createLabel
[DEBUG] compiling: /Users/kd322/Documents/pigeon/Resources/info.js
[DEBUG] detected symbol: UI.createView
[DEBUG] detected symbol: UI.createLabel
[DEBUG] compiling: /Users/kd322/Documents/pigeon/Resources/maps.js
[DEBUG] detected symbol: UI.createView
[DEBUG] detected symbol: Geolocation.purpose
[DEBUG] detected symbol: Geolocation.accuracy
[DEBUG] detected symbol: Geolocation.ACCURACY_BEST
[DEBUG] detected symbol: Geolocation.distanceFilter
[DEBUG] detected symbol: Geolocation.getCurrentPosition
[DEBUG] detected symbol: Map.createAnnotation
[DEBUG] detected symbol: Map.ANNOTATION_GREEN
[DEBUG] detected symbol: Map.createView
[DEBUG] detected symbol: Map.STANDARD_TYPE
[DEBUG] compiling: /Users/kd322/Documents/pigeon/Resources/note.js
[DEBUG] detected symbol: UI.currentWindow
[DEBUG] detected symbol: Filesystem.applicationDataDirectory
[DEBUG] detected symbol: Painter
[DEBUG] detected symbol: Filesystem.getFile
[DEBUG] detected symbol: UI.createImageView
[DEBUG] detected symbol: Filesystem.getFile
[DEBUG] detected symbol: Filesystem.getFile
[DEBUG] detected symbol: Filesystem.getFile
[DEBUG] detected symbol: Filesystem.getFile
[DEBUG] detected symbol: Painter.createView
[DEBUG] detected symbol: UI.createView
[DEBUG] detected symbol: UI.createView
[DEBUG] detected symbol: UI.createView
[DEBUG] detected symbol: UI.createView
[DEBUG] detected symbol: UI.createButton
[DEBUG] detected symbol: UI.createButton
[DEBUG] detected symbol: UI.createButton
[DEBUG] detected symbol: Filesystem.getFile
[DEBUG] detected symbol: Filesystem.getFile
[DEBUG] detected symbol: Filesystem.getFile
[DEBUG] detected symbol: Filesystem.getFile
[DEBUG] detected symbol: App.fireEvent
[DEBUG] detected symbol: Filesystem.getFile
[DEBUG] detected symbol: API.info
[DEBUG] detected symbol: Filesystem.getFile
[DEBUG] detected symbol: Filesystem.getFile
[DEBUG] detected symbol: Filesystem.getFile
[DEBUG] detected symbol: Filesystem.getFile
[DEBUG] compiling: /Users/kd322/Documents/pigeon/Resources/data/DataAccess.js
[DEBUG] detected symbol: API.info
[DEBUG] detected symbol: Database.open
[DEBUG] detected symbol: API.info
[DEBUG] detected symbol: API.info
[DEBUG] detected symbol: API.info
[DEBUG] detected symbol: Database.open
[DEBUG] detected symbol: Database.open
[DEBUG] detected symbol: Database.open
[DEBUG] detected symbol: Database.open
[DEBUG] detected symbol: Database.open
[DEBUG] detected symbol: Database.open
[DEBUG] detected symbol: Database.open
[DEBUG] detected symbol: Database.open
[DEBUG] detected symbol: Database.open
[DEBUG] detected symbol: Database.open
[DEBUG] detected symbol: Database.open
[DEBUG] detected symbol: Database.open
[DEBUG] compiling: /Users/kd322/Documents/pigeon/Resources/data/JsonDataRetriever.js
[DEBUG] detected symbol: include
[DEBUG] detected symbol: include
[DEBUG] detected symbol: include
[DEBUG] detected symbol: include
[DEBUG] detected symbol: include
[DEBUG] detected symbol: Network.createHTTPClient
[DEBUG] compiling: /Users/kd322/Documents/pigeon/Resources/model/notes.js
[DEBUG] compiling: /Users/kd322/Documents/pigeon/Resources/model/pdf.js
[DEBUG] compiling: /Users/kd322/Documents/pigeon/Resources/model/s_days.js
[DEBUG] compiling: /Users/kd322/Documents/pigeon/Resources/model/s_events.js
[DEBUG] compiling: /Users/kd322/Documents/pigeon/Resources/model/series.js
[DEBUG] compiling: /Users/kd322/Documents/pigeon/Resources/paint/note.js
[DEBUG] detected symbol: UI.currentWindow
[DEBUG] detected symbol: Filesystem.applicationDataDirectory
[DEBUG] detected symbol: Painter
[DEBUG] detected symbol: Filesystem.getFile
[DEBUG] detected symbol: UI.createImageView
[DEBUG] detected symbol: Filesystem.getFile
[DEBUG] detected symbol: Filesystem.getFile
[DEBUG] detected symbol: Filesystem.getFile
[DEBUG] detected symbol: Filesystem.getFile
[DEBUG] detected symbol: Painter.createView
[DEBUG] detected symbol: UI.createView
[DEBUG] detected symbol: UI.createView
[DEBUG] detected symbol: UI.createView
[DEBUG] detected symbol: UI.createView
[DEBUG] detected symbol: UI.createButton
[DEBUG] detected symbol: UI.createButton
[DEBUG] detected symbol: UI.createButton
[DEBUG] detected symbol: Filesystem.getFile
[DEBUG] detected symbol: Filesystem.getFile
[DEBUG] detected symbol: Filesystem.getFile
[DEBUG] detected symbol: Filesystem.getFile
[DEBUG] detected symbol: App.fireEvent
[DEBUG] detected symbol: Filesystem.getFile
[DEBUG] detected symbol: API.info
[DEBUG] detected symbol: Filesystem.getFile
[DEBUG] detected symbol: Filesystem.getFile
[DEBUG] detected symbol: Filesystem.getFile
[DEBUG] detected symbol: Filesystem.getFile
[DEBUG] compiling: /Users/kd322/Documents/pigeon/Resources/paint/pdf.js
[DEBUG] detected symbol: Filesystem.applicationDataDirectory
[DEBUG] detected symbol: Filesystem.getFile
[DEBUG] detected symbol: UI.createWindow
[DEBUG] detected symbol: UI.createWindow
[DEBUG] detected symbol: UI.createProgressBar
[DEBUG] detected symbol: UI.iPhone.ProgressBarStyle.PLAIN
[DEBUG] detected symbol: UI.createWebView
[DEBUG] detected symbol: API.info
[DEBUG] detected symbol: UI.createButton
[DEBUG] detected symbol: UI.createButton
[DEBUG] detected symbol: Network.createHTTPClient
[DEBUG] detected symbol: API.info
[DEBUG] detected symbol: Filesystem.getFile
[DEBUG] detected symbol: API.info
[DEBUG] detected symbol: API.info
[DEBUG] detected symbol: Filesystem.getFile
[DEBUG] detected symbol: Filesystem.getFile
[DEBUG] detected symbol: Filesystem.getFile
[DEBUG] detected symbol: Filesystem.getFile
[DEBUG] detected symbol: Filesystem.getFile
[DEBUG] detected symbol: UI.createScrollView
[DEBUG] detected symbol: App.addEventListener
[DEBUG] detected symbol: API.info
[DEBUG] detected symbol: API.info
[DEBUG] detected symbol: Filesystem.getFile
[DEBUG] detected symbol: API.info
[DEBUG] detected symbol: UI.createImageView
[DEBUG] detected symbol: API.info
[DEBUG] detected symbol: API.info
[DEBUG] compiling: /Users/kd322/Documents/pigeon/Resources/windows/calendar.js
[DEBUG] detected symbol: UI.currentWindow
[DEBUG] detected symbol: UI.createView
[DEBUG] detected symbol: UI.createLabel
[DEBUG] detected symbol: UI.createView
[DEBUG] detected symbol: UI.createImageView
[DEBUG] detected symbol: UI.createImageView
[DEBUG] detected symbol: UI.createButton
[DEBUG] detected symbol: UI.createButton
[DEBUG] detected symbol: UI.createLabel
[DEBUG] detected symbol: App.fireEvent
[DEBUG] detected symbol: UI.createView
[DEBUG] detected symbol: UI.createAnimation
[DEBUG] detected symbol: UI.createButton
[DEBUG] detected symbol: API.info
[DEBUG] detected symbol: UI.createAnimation
[DEBUG] detected symbol: API.info
[DEBUG] detected symbol: UI.createLabel
[DEBUG] detected symbol: UI.createLabel
[DEBUG] detected symbol: UI.createLabel
[DEBUG] detected symbol: UI.createLabel
[DEBUG] detected symbol: UI.createLabel
[DEBUG] detected symbol: UI.createLabel
[DEBUG] detected symbol: UI.createLabel
[DEBUG] compiling: /Users/kd322/Documents/pigeon/Resources/windows/course_list.js
[DEBUG] detected symbol: include
[DEBUG] detected symbol: include
[DEBUG] detected symbol: include
[DEBUG] detected symbol: UI.currentWindow
[DEBUG] detected symbol: UI.createView
[DEBUG] detected symbol: UI.createLabel
[DEBUG] detected symbol: UI.createTableView
[DEBUG] detected symbol: UI.iPhone.TableViewSeparatorStyle.NONE
[DEBUG] detected symbol: App.fireEvent
[DEBUG] detected symbol: UI.createTableViewRow
[DEBUG] detected symbol: UI.createLabel
[DEBUG] detected symbol: UI.createLabel
[DEBUG] detected symbol: UI.createImageView
[DEBUG] detected symbol: UI.createImageView
[DEBUG] compiling: /Users/kd322/Documents/pigeon/Resources/windows/detail_view.js
[DEBUG] detected symbol: UI.currentWindow
[DEBUG] detected symbol: include
[DEBUG] detected symbol: include
[DEBUG] detected symbol: UI.currentWindow
[DEBUG] detected symbol: Filesystem.applicationDataDirectory
[DEBUG] detected symbol: UI.createScrollView
[DEBUG] detected symbol: UI.createView
[DEBUG] detected symbol: UI.createImageView
[DEBUG] detected symbol: UI.createLabel
[DEBUG] detected symbol: UI.createLabel
[DEBUG] detected symbol: UI.createImageView
[DEBUG] detected symbol: UI.createView
[DEBUG] detected symbol: Map.createAnnotation
[DEBUG] detected symbol: Map.createView
[DEBUG] detected symbol: Map.STANDARD_TYPE
[DEBUG] detected symbol: UI.createView
[DEBUG] detected symbol: UI.createImageView
[DEBUG] detected symbol: UI.createImageView
[DEBUG] detected symbol: UI.createTableView
[DEBUG] detected symbol: UI.iPhone.TableViewStyle.GROUPED
[DEBUG] detected symbol: UI.createProgressBar
[DEBUG] detected symbol: UI.iPhone.ProgressBarStyle.PLAIN
[DEBUG] detected symbol: Network.createHTTPClient
[DEBUG] detected symbol: App.fireEvent
[DEBUG] detected symbol: API.info
[DEBUG] detected symbol: API.info
[DEBUG] detected symbol: Filesystem.getFile
[DEBUG] detected symbol: Filesystem.getFile
[DEBUG] detected symbol: Filesystem.getFile
[DEBUG] detected symbol: Filesystem.getFile
[DEBUG] detected symbol: Filesystem.getFile
[DEBUG] detected symbol: Filesystem.getFile
[DEBUG] detected symbol: Filesystem.getFile
[DEBUG] detected symbol: App.addEventListener
[DEBUG] detected symbol: UI.createTableViewRow
[DEBUG] detected symbol: UI.createLabel
[DEBUG] compiling: /Users/kd322/Documents/pigeon/Resources/windows/image_view.js
[DEBUG] detected symbol: UI.currentWindow
[DEBUG] detected symbol: UI.createView
[DEBUG] detected symbol: App.addEventListener
[DEBUG] detected symbol: UI.createImageView
[DEBUG] detected symbol: UI.createButton
[DEBUG] detected symbol: App.fireEvent
[DEBUG] compiling: /Users/kd322/Documents/pigeon/Resources/windows/left_view.js
[DEBUG] detected symbol: UI.currentWindow
[DEBUG] detected symbol: UI.createWindow
[DEBUG] detected symbol: UI.createView
[DEBUG] detected symbol: UI.createButton
[DEBUG] detected symbol: UI.createButton
[DEBUG] detected symbol: include
[DEBUG] detected symbol: include
[DEBUG] detected symbol: App.fireEvent
[DEBUG] compiling: /Users/kd322/Documents/pigeon/Resources/windows/list.js
[DEBUG] detected symbol: include
[DEBUG] detected symbol: include
[DEBUG] detected symbol: include
[DEBUG] detected symbol: UI.currentWindow
[DEBUG] detected symbol: UI.createView
[DEBUG] detected symbol: UI.createView
[DEBUG] detected symbol: UI.createLabel
[DEBUG] detected symbol: UI.createTableView
[DEBUG] detected symbol: UI.iPhone.TableViewSeparatorStyle.NONE
[DEBUG] detected symbol: App.fireEvent
[DEBUG] detected symbol: UI.createButton
[DEBUG] detected symbol: App.fireEvent
[DEBUG] detected symbol: App.addEventListener
[DEBUG] detected symbol: UI.createTableViewRow
[DEBUG] detected symbol: UI.createLabel
[DEBUG] detected symbol: UI.createLabel
[DEBUG] detected symbol: UI.createLabel
[DEBUG] detected symbol: UI.createImageView
[DEBUG] detected symbol: UI.createImageView
[DEBUG] compiling: /Users/kd322/Documents/pigeon/Resources/windows/note_view.js
[DEBUG] detected symbol: UI.currentWindow
[DEBUG] detected symbol: UI.createView
[DEBUG] detected symbol: App.addEventListener
[DEBUG] detected symbol: Painter
[DEBUG] detected symbol: Painter.createView
[DEBUG] detected symbol: UI.createView
[DEBUG] detected symbol: UI.createView
[DEBUG] detected symbol: UI.createView
[DEBUG] detected symbol: UI.createView
[DEBUG] detected symbol: UI.createButton
[DEBUG] detected symbol: UI.createButton
[DEBUG] detected symbol: UI.createButton
[DEBUG] detected symbol: UI.createButton
[DEBUG] detected symbol: UI.createButton
[DEBUG] detected symbol: UI.createButton
[DEBUG] detected symbol: UI.createTextArea
[DEBUG] detected symbol: UI.KEYBOARD_APPEARANCE_ALERT
[DEBUG] detected symbol: API.info
[DEBUG] detected symbol: Filesystem.getFile
[DEBUG] detected symbol: Filesystem.getFile
[DEBUG] detected symbol: App.fireEvent
[DEBUG] detected symbol: App.fireEvent
[DEBUG] detected symbol: Filesystem.getFile
[DEBUG] detected symbol: Filesystem.getFile
[DEBUG] detected symbol: API.info
[DEBUG] detected symbol: Filesystem.getFile
[DEBUG] detected symbol: Filesystem.getFile
[DEBUG] detected symbol: Filesystem.getFile
[DEBUG] detected symbol: Filesystem.getFile
[DEBUG] detected symbol: App.addEventListener
[DEBUG] compiling: /Users/kd322/Documents/pigeon/Resources/windows/notes_list.js
[DEBUG] detected symbol: include
[DEBUG] detected symbol: include
[DEBUG] detected symbol: include
[DEBUG] detected symbol: UI.currentWindow
[DEBUG] detected symbol: UI.createView
[DEBUG] detected symbol: UI.createLabel
[DEBUG] detected symbol: UI.createButton
[DEBUG] detected symbol: App.fireEvent
[DEBUG] detected symbol: API.info
[DEBUG] detected symbol: UI.createTableView
[DEBUG] detected symbol: UI.iPhone.TableViewSeparatorStyle.NONE
[DEBUG] detected symbol: App.fireEvent
[DEBUG] detected symbol: UI.createTableViewRow
[DEBUG] detected symbol: UI.createLabel
[DEBUG] detected symbol: UI.createLabel
[DEBUG] detected symbol: UI.createImageView
[DEBUG] detected symbol: UI.createImageView
[DEBUG] compiling: /Users/kd322/Documents/pigeon/Resources/windows/pdf_list.js
[DEBUG] detected symbol: include
[DEBUG] detected symbol: include
[DEBUG] detected symbol: UI.currentWindow
[DEBUG] detected symbol: Filesystem.applicationDataDirectory
[DEBUG] detected symbol: App.addEventListener
[DEBUG] detected symbol: UI.createTableViewRow
[DEBUG] detected symbol: UI.createLabel
[DEBUG] detected symbol: UI.createLabel
[DEBUG] detected symbol: UI.createTableView
[DEBUG] detected symbol: UI.iPhone.TableViewSeparatorStyle.NONE
[DEBUG] detected symbol: UI.createProgressBar
[DEBUG] detected symbol: UI.iPhone.ProgressBarStyle.PLAIN
[DEBUG] detected symbol: Network.createHTTPClient
[DEBUG] detected symbol: App.fireEvent
[DEBUG] detected symbol: API.info
[DEBUG] detected symbol: API.info
[DEBUG] detected symbol: Filesystem.getFile
[DEBUG] detected symbol: Filesystem.getFile
[DEBUG] detected symbol: Filesystem.getFile
[DEBUG] detected symbol: Filesystem.getFile
[DEBUG] detected symbol: Filesystem.getFile
[DEBUG] compiling: /Users/kd322/Documents/pigeon/Resources/windows/pdf_view.js
[DEBUG] detected symbol: include
[DEBUG] detected symbol: UI.currentWindow
[DEBUG] detected symbol: UI.createView
[DEBUG] detected symbol: App.addEventListener
[DEBUG] detected symbol: UI.createButton
[DEBUG] detected symbol: UI.createWebView
[DEBUG] detected symbol: Filesystem.getFile
[DEBUG] detected symbol: App.addEventListener
[DEBUG] detected symbol: UI.createScrollView
[DEBUG] detected symbol: UI.createImageView
[DEBUG] detected symbol: API.info
[DEBUG] detected symbol: App.fireEvent
[DEBUG] detected symbol: UI.createButton
[DEBUG] detected symbol: Filesystem.getFile
[DEBUG] detected symbol: API.info
[DEBUG] detected symbol: Filesystem.getFile
[DEBUG] detected symbol: Filesystem.getFile
[DEBUG] detected symbol: App.fireEvent
[DEBUG] compiling: /Users/kd322/Documents/pigeon/Resources/windows/right_view 2.js
[DEBUG] detected symbol: UI.currentWindow
[DEBUG] detected symbol: Map.createAnnotation
[DEBUG] detected symbol: Map.createView
[DEBUG] detected symbol: Map.STANDARD_TYPE
[DEBUG] detected symbol: Map.createView
[DEBUG] detected symbol: Map.STANDARD_TYPE
[DEBUG] detected symbol: UI.createView
[DEBUG] detected symbol: UI.createView
[DEBUG] detected symbol: UI.createView
[DEBUG] detected symbol: UI.createImageView
[DEBUG] detected symbol: UI.createTextArea
[DEBUG] detected symbol: UI.createView
[DEBUG] detected symbol: UI.createButton
[DEBUG] detected symbol: UI.createOptionDialog
[DEBUG] detected symbol: UI.createView
[DEBUG] detected symbol: UI.createLabel
[DEBUG] detected symbol: UI.createButton
[DEBUG] detected symbol: UI.createAnimation
[DEBUG] detected symbol: UI.createAnimation
[DEBUG] detected symbol: UI.createAnimation
[DEBUG] detected symbol: UI.createButton
[DEBUG] detected symbol: UI.createAnimation
[DEBUG] detected symbol: UI.createAnimation
[DEBUG] detected symbol: UI.createAnimation
[DEBUG] detected symbol: UI.createButton
[DEBUG] detected symbol: UI.createEmailDialog
[DEBUG] detected symbol: UI.createAnimation
[DEBUG] detected symbol: UI.createAnimation
[DEBUG] detected symbol: UI.createAnimation
[DEBUG] detected symbol: Gesture.addEventListener
[DEBUG] detected symbol: API.info
[DEBUG] detected symbol: UI.createImageView
[DEBUG] detected symbol: UI.createImageView
[DEBUG] detected symbol: UI.createImageView
[DEBUG] detected symbol: UI.createImageView
[DEBUG] detected symbol: UI.createLabel
[DEBUG] detected symbol: UI.createLabel
[DEBUG] detected symbol: UI.createLabel
[DEBUG] detected symbol: UI.createLabel
[DEBUG] detected symbol: UI.createButton
[DEBUG] detected symbol: UI.createEmailDialog
[DEBUG] detected symbol: UI.createLabel
[DEBUG] detected symbol: App.addEventListener
[DEBUG] detected symbol: UI.createImageView
[DEBUG] compiling: /Users/kd322/Documents/pigeon/Resources/windows/right_view.js
[DEBUG] detected symbol: UI.currentWindow
[DEBUG] detected symbol: include
[DEBUG] detected symbol: include
[DEBUG] detected symbol: include
[DEBUG] detected symbol: include
[DEBUG] detected symbol: App.addEventListener
[DEBUG] detected symbol: App.addEventListener
[DEBUG] detected symbol: App.addEventListener
[DEBUG] detected symbol: App.addEventListener
[DEBUG] detected symbol: App.addEventListener
[DEBUG] detected symbol: App.addEventListener
[DEBUG] detected symbol: App.addEventListener
[DEBUG] compiling: /Users/kd322/Documents/pigeon/Resources/windows/sidebar_navigation.js
[DEBUG] detected symbol: UI.currentWindow
[DEBUG] detected symbol: UI.createWindow
[DEBUG] detected symbol: UI.createView
[DEBUG] detected symbol: UI.createButton
[DEBUG] detected symbol: UI.createButton
[DEBUG] detected symbol: App.fireEvent
[DEBUG] compiling: /Users/kd322/Documents/pigeon/Resources/windows/split_view_nav.js
[DEBUG] detected symbol: UI.createWindow
[DEBUG] detected symbol: UI.createWindow
[DEBUG] detected symbol: UI.orientation
[DEBUG] detected symbol: UI.PORTRAIT||Ti.UI.orientation
[DEBUG] detected symbol: UI.UPSIDE_PORTRAIT
[DEBUG] detected symbol: UI.orientation
[DEBUG] detected symbol: UI.LANDSCAPE_LEFT||Ti.UI.orientation
[DEBUG] detected symbol: UI.LANDSCAPE_RIGHT
[DEBUG] detected symbol: UI.iPhone.createNavigationGroup
[DEBUG] detected symbol: UI.iPhone.createNavigationGroup
[DEBUG] detected symbol: UI.iPad.createSplitWindow
[DEBUG] detected symbol: API.info
[DEBUG] detected symbol: API.log
[DEBUG] detected symbol: API.log
[DEBUG] detected symbol: App.fireEvent
[DEBUG] detected symbol: API.log
[DEBUG] detected symbol: App.fireEvent
[DEBUG] detected symbol: App.addEventListener
[DEBUG] detected symbol: UI.createWindow
[DEBUG] detected symbol: App.addEventListener
[DEBUG] detected symbol: UI.createWindow
[DEBUG] detected symbol: App.addEventListener
[DEBUG] detected symbol: UI.createWindow
[DEBUG] compiling: /Users/kd322/Documents/pigeon/Resources/windows/text_view.js
[DEBUG] detected symbol: UI.currentWindow
[DEBUG] detected symbol: UI.createView
[DEBUG] detected symbol: Filesystem.getFile
[DEBUG] detected symbol: Filesystem.resourcesDirectory
[DEBUG] detected symbol: API.info
[DEBUG] detected symbol: API.info
[DEBUG] detected symbol: API.info
[DEBUG] detected symbol: API.info
[DEBUG] detected symbol: API.info
[DEBUG] module image = /Users/kd322/Library/Application Support/Titanium/mobilesdk/osx/1.6.1/iphone/modules/include/images
[DEBUG] module image = /Users/kd322/Library/Application Support/Titanium/mobilesdk/osx/1.6.1/iphone/modules/filesystem/images
[DEBUG] module image = /Users/kd322/Library/Application Support/Titanium/mobilesdk/osx/1.6.1/iphone/modules/api/images
[DEBUG] module image = /Users/kd322/Library/Application Support/Titanium/mobilesdk/osx/1.6.1/iphone/modules/ui/images
[DEBUG] copy resources from /Users/kd322/Library/Application Support/Titanium/mobilesdk/osx/1.6.1/iphone/modules/ui/images to /Users/kd322/Documents/pigeon/build/iphone/build/Debug-iphonesimulator/pigeon.app/modules/ui/images
[DEBUG] module image = /Users/kd322/Library/Application Support/Titanium/mobilesdk/osx/1.6.1/iphone/modules/app/images
[DEBUG] module image = /Users/kd322/Library/Application Support/Titanium/mobilesdk/osx/1.6.1/iphone/modules/geolocation/images
[DEBUG] module image = /Users/kd322/Library/Application Support/Titanium/mobilesdk/osx/1.6.1/iphone/modules/map/images
[DEBUG] module image = /Users/kd322/Library/Application Support/Titanium/mobilesdk/osx/1.6.1/iphone/modules/painter/images
[DEBUG] module image = /Users/kd322/Library/Application Support/Titanium/mobilesdk/osx/1.6.1/iphone/modules/database/images
[DEBUG] module image = /Users/kd322/Library/Application Support/Titanium/mobilesdk/osx/1.6.1/iphone/modules/network/images
[DEBUG] module image = /Users/kd322/Library/Application Support/Titanium/mobilesdk/osx/1.6.1/iphone/modules/gesture/images
PhaseScriptExecution Post-Compile build/pigeon.build/Debug-iphonesimulator/pigeon-iPad.build/Script-24D8E4AD119B9D8A00F8CAA6.sh
    cd /Users/kd322/Documents/pigeon/build/iphone
    setenv ACTION build
    setenv ALTERNATE_GROUP staff
    setenv ALTERNATE_MODE u+w,go-w,a+rX
    setenv ALTERNATE_OWNER kd322
    setenv ALWAYS_SEARCH_USER_PATHS NO
    setenv APPLE_INTERNAL_DEVELOPER_DIR /AppleInternal/Developer
    setenv APPLE_INTERNAL_DIR /AppleInternal
    setenv APPLE_INTERNAL_DOCUMENTATION_DIR /AppleInternal/Documentation
    setenv APPLE_INTERNAL_LIBRARY_DIR /AppleInternal/Library
    setenv APPLE_INTERNAL_TOOLS /AppleInternal/Developer/Tools
    setenv APPLY_RULES_IN_COPY_FILES NO
    setenv ARCHS i386
    setenv ARCHS_STANDARD_32_BIT i386
    setenv ARCHS_UNIVERSAL_IPHONE_OS i386
    setenv BUILD_COMPONENTS "headers build"
    setenv BUILD_DIR /Users/kd322/Documents/pigeon/build/iphone/build
    setenv BUILD_ROOT /Users/kd322/Documents/pigeon/build/iphone/build
    setenv BUILD_STYLE Debug
    setenv BUILD_VARIANTS normal
    setenv BUILT_PRODUCTS_DIR /Users/kd322/Documents/pigeon/build/iphone/build/Debug-iphonesimulator
    setenv CACHE_ROOT /var/folders/3D/3DviYTj4Hp43+3mvrkoigU+++TQ/-Caches-/com.apple.Xcode.503
    setenv CCHROOT /var/folders/3D/3DviYTj4Hp43+3mvrkoigU+++TQ/-Caches-/com.apple.Xcode.503
    setenv CHMOD /bin/chmod
    setenv CHOWN /usr/sbin/chown
    setenv CLASS_FILE_DIR /Users/kd322/Documents/pigeon/build/iphone/build/pigeon.build/Debug-iphonesimulator/pigeon-iPad.build/JavaClasses
    setenv CLEAN_PRECOMPS YES
    setenv CLONE_HEADERS NO
    setenv CODESIGNING_FOLDER_PATH /Users/kd322/Documents/pigeon/build/iphone/build/Debug-iphonesimulator/pigeon.app
    setenv CODE_SIGN_IDENTITY "iPhone Developer"
    setenv COMMAND_MODE legacy
    setenv COMPOSITE_SDK_DIRS /var/folders/3D/3DviYTj4Hp43+3mvrkoigU+++TQ/-Caches-/com.apple.Xcode.503/CompositeSDKs
    setenv COMPRESS_PNG_FILES YES
    setenv CONFIGURATION Debug
    setenv CONFIGURATION_BUILD_DIR /Users/kd322/Documents/pigeon/build/iphone/build/Debug-iphonesimulator
    setenv CONFIGURATION_TEMP_DIR /Users/kd322/Documents/pigeon/build/iphone/build/pigeon.build/Debug-iphonesimulator
    setenv CONTENTS_FOLDER_PATH pigeon.app
    setenv COPYING_PRESERVES_HFS_DATA NO
    setenv COPY_PHASE_STRIP NO
    setenv COPY_RESOURCES_FROM_STATIC_FRAMEWORKS YES
    setenv CP /bin/cp
    setenv CURRENT_ARCH i386
    setenv CURRENT_VARIANT normal
    setenv DEAD_CODE_STRIPPING NO
    setenv DEBUGGING_SYMBOLS YES
    setenv DEBUG_INFORMATION_FORMAT dwarf-with-dsym
    setenv DEPLOYMENT_LOCATION NO
    setenv DEPLOYMENT_POSTPROCESSING NO
    setenv DERIVED_FILES_DIR /Users/kd322/Documents/pigeon/build/iphone/build/pigeon.build/Debug-iphonesimulator/pigeon-iPad.build/DerivedSources
    setenv DERIVED_FILE_DIR /Users/kd322/Documents/pigeon/build/iphone/build/pigeon.build/Debug-iphonesimulator/pigeon-iPad.build/DerivedSources
    setenv DERIVED_SOURCES_DIR /Users/kd322/Documents/pigeon/build/iphone/build/pigeon.build/Debug-iphonesimulator/pigeon-iPad.build/DerivedSources
    setenv DEVELOPER_APPLICATIONS_DIR /Developer/Applications
    setenv DEVELOPER_BIN_DIR /Developer/usr/bin
    setenv DEVELOPER_DIR /Developer
    setenv DEVELOPER_FRAMEWORKS_DIR /Developer/Library/Frameworks
    setenv DEVELOPER_FRAMEWORKS_DIR_QUOTED "\"/Developer/Library/Frameworks\""
    setenv DEVELOPER_LIBRARY_DIR /Developer/Library
    setenv DEVELOPER_SDK_DIR /Developer/SDKs
    setenv DEVELOPER_TOOLS_DIR /Developer/Tools
    setenv DEVELOPER_USR_DIR /Developer/usr
    setenv DEVELOPMENT_LANGUAGE English
    setenv DOCUMENTATION_FOLDER_PATH pigeon.app/English.lproj/Documentation
    setenv DO_HEADER_SCANNING_IN_JAM NO
    setenv DSTROOT /tmp/pigeon.dst
    setenv DWARF_DSYM_FILE_NAME pigeon.app.dSYM
    setenv DWARF_DSYM_FOLDER_PATH /Users/kd322/Documents/pigeon/build/iphone/build/Debug-iphonesimulator
    setenv EFFECTIVE_PLATFORM_NAME -iphonesimulator
    setenv ENABLE_HEADER_DEPENDENCIES YES
    setenv ENABLE_OPENMP_SUPPORT NO
    setenv EXCLUDED_INSTALLSRC_SUBDIRECTORY_PATTERNS ".svn .git CVS"
    setenv EXCLUDED_RECURSIVE_SEARCH_PATH_SUBDIRECTORIES "*.nib *.lproj *.framework *.gch (*) CVS .svn .git *.xcodeproj *.xcode *.pbproj *.pbxproj"
    setenv EXECUTABLES_FOLDER_PATH pigeon.app/Executables
    setenv EXECUTABLE_FOLDER_PATH pigeon.app
    setenv EXECUTABLE_NAME pigeon
    setenv EXECUTABLE_PATH pigeon.app/pigeon
    setenv FILE_LIST /Users/kd322/Documents/pigeon/build/iphone/build/pigeon.build/Debug-iphonesimulator/pigeon-iPad.build/Objects/LinkFileList
    setenv FIXED_FILES_DIR /Users/kd322/Documents/pigeon/build/iphone/build/pigeon.build/Debug-iphonesimulator/pigeon-iPad.build/FixedFiles
    setenv FRAMEWORKS_FOLDER_PATH pigeon.app/Frameworks
    setenv FRAMEWORK_FLAG_PREFIX -framework
    setenv FRAMEWORK_SEARCH_PATHS "\"/Users/kd322/Documents/pigeon/build/iphone/build/Debug-iphonesimulator\" "
    setenv FRAMEWORK_VERSION A
    setenv FULL_PRODUCT_NAME pigeon.app
    setenv GCC3_VERSION 3.3
    setenv GCC_C_LANGUAGE_STANDARD c99
    setenv GCC_DYNAMIC_NO_PIC NO
    setenv GCC_INLINES_ARE_PRIVATE_EXTERN YES
    setenv GCC_OBJC_LEGACY_DISPATCH YES
    setenv GCC_OPTIMIZATION_LEVEL 0
    setenv GCC_PFE_FILE_C_DIALECTS "c objective-c c++ objective-c++"
    setenv GCC_PRECOMPILE_PREFIX_HEADER YES
    setenv GCC_PREFIX_HEADER pigeon_Prefix.pch
    setenv GCC_PREPROCESSOR_DEFINITIONS "__LOG__ID__=590a4e4c-5132-4611-bb34-f5f26484b227 DEPLOYTYPE=development TI_DEVELOPMENT=1 DEBUG=1 TI_VERSION=1.6.1"
    setenv GCC_SYMBOLS_PRIVATE_EXTERN YES
    setenv GCC_TREAT_WARNINGS_AS_ERRORS NO
    setenv GCC_VERSION 4.2
    setenv GCC_WARN_ABOUT_RETURN_TYPE NO
    setenv GCC_WARN_MISSING_PARENTHESES NO
    setenv GCC_WARN_SHADOW NO
    setenv GCC_WARN_STRICT_SELECTOR_MATCH NO
    setenv GCC_WARN_UNUSED_FUNCTION YES
    setenv GCC_WARN_UNUSED_PARAMETER NO
    setenv GCC_WARN_UNUSED_VALUE NO
    setenv GCC_WARN_UNUSED_VARIABLE NO
    setenv GENERATE_MASTER_OBJECT_FILE NO
    setenv GENERATE_PKGINFO_FILE YES
    setenv GENERATE_PROFILING_CODE NO
    setenv GID 20
    setenv GROUP staff
    setenv HEADERMAP_INCLUDES_FLAT_ENTRIES_FOR_TARGET_BEING_BUILT YES
    setenv HEADERMAP_INCLUDES_FRAMEWORK_ENTRIES_FOR_ALL_PRODUCT_TYPES YES
    setenv HEADERMAP_INCLUDES_NONPUBLIC_NONPRIVATE_HEADERS YES
    setenv HEADERMAP_INCLUDES_PROJECT_HEADERS YES
    setenv HEADER_SEARCH_PATHS "\"/Users/kd322/Documents/pigeon/build/iphone/build/Debug-iphonesimulator/include\" /Developer/Platforms/iPhoneSimulator.platform/Developer/SDKs/iPhoneSimulator4.3.sdk/usr/include/libxml2 headers"
    setenv ICONV /usr/bin/iconv
    setenv INFOPLIST_EXPAND_BUILD_SETTINGS YES
    setenv INFOPLIST_FILE Info.plist
    setenv INFOPLIST_OUTPUT_FORMAT binary
    setenv INFOPLIST_PATH pigeon.app/Info.plist
    setenv INFOPLIST_PREPROCESS NO
    setenv INFOSTRINGS_PATH pigeon.app/English.lproj/InfoPlist.strings
    setenv INSTALL_DIR /tmp/pigeon.dst/Applications
    setenv INSTALL_GROUP staff
    setenv INSTALL_MODE_FLAG u+w,go-w,a+rX
    setenv INSTALL_OWNER kd322
    setenv INSTALL_PATH /Applications
    setenv INSTALL_ROOT /tmp/pigeon.dst
    setenv IPHONEOS_DEPLOYMENT_TARGET 3.2
    setenv JAVAC_DEFAULT_FLAGS "-J-Xms64m -J-XX:NewSize=4M -J-Dfile.encoding=UTF8"
    setenv JAVA_APP_STUB /System/Library/Frameworks/JavaVM.framework/Resources/MacOS/JavaApplicationStub
    setenv JAVA_ARCHIVE_CLASSES YES
    setenv JAVA_ARCHIVE_TYPE JAR
    setenv JAVA_COMPILER /usr/bin/javac
    setenv JAVA_FOLDER_PATH pigeon.app/Java
    setenv JAVA_FRAMEWORK_RESOURCES_DIRS Resources
    setenv JAVA_JAR_FLAGS cv
    setenv JAVA_SOURCE_SUBDIR .
    setenv JAVA_USE_DEPENDENCIES YES
    setenv JAVA_ZIP_FLAGS -urg
    setenv JIKES_DEFAULT_FLAGS "+E +OLDCSO"
    setenv KEEP_PRIVATE_EXTERNS NO
    setenv LD_GENERATE_MAP_FILE NO
    setenv LD_MAP_FILE_PATH /Users/kd322/Documents/pigeon/build/iphone/build/pigeon.build/Debug-iphonesimulator/pigeon-iPad.build/pigeon-LinkMap-normal-i386.txt
    setenv LD_OPENMP_FLAGS -fopenmp
    setenv LEX /Developer/usr/bin/lex
    setenv LIBRARY_FLAG_NOSPACE YES
    setenv LIBRARY_FLAG_PREFIX -l
    setenv LIBRARY_SEARCH_PATHS "\"/Users/kd322/Documents/pigeon/build/iphone/build/Debug-iphonesimulator\"  \"/Users/kd322/Documents/pigeon/build/iphone/lib\" \"/Users/kd322/Library/Application Support/Titanium/modules/iphone/ti.paint/1.0\" \"/Users/kd322/Documents/pigeon/build/iphone/../../../../tmp/staticlib/build/Debug-iphonesimulator\" \"/Users/kd322/Documents/pigeon/build/iphone/../../../tijs/TiCore/TiCore/build/Release-iphonesimulator\""
    setenv LINKER_DISPLAYS_MANGLED_NAMES NO
    setenv LINK_FILE_LIST_normal_i386 /Users/kd322/Documents/pigeon/build/iphone/build/pigeon.build/Debug-iphonesimulator/pigeon-iPad.build/Objects-normal/i386/pigeon.LinkFileList
    setenv LINK_WITH_STANDARD_LIBRARIES YES
    setenv LOCALIZED_RESOURCES_FOLDER_PATH pigeon.app/English.lproj
    setenv LOCAL_ADMIN_APPS_DIR /Applications/Utilities
    setenv LOCAL_APPS_DIR /Applications
    setenv LOCAL_DEVELOPER_DIR /Library/Developer
    setenv LOCAL_LIBRARY_DIR /Library
    setenv MACH_O_TYPE mh_execute
    setenv MACOSX_DEPLOYMENT_TARGET 10.6
    setenv MAC_OS_X_PRODUCT_BUILD_VERSION 10J567
    setenv MAC_OS_X_VERSION_ACTUAL 1066
    setenv MAC_OS_X_VERSION_MAJOR 1060
    setenv MAC_OS_X_VERSION_MINOR 0606
    setenv NATIVE_ARCH i386
    setenv NATIVE_ARCH_32_BIT i386
    setenv NATIVE_ARCH_64_BIT x86_64
    setenv NATIVE_ARCH_ACTUAL x86_64
    setenv NO_COMMON YES
    setenv OBJC_ABI_VERSION 2
    setenv OBJECT_FILE_DIR /Users/kd322/Documents/pigeon/build/iphone/build/pigeon.build/Debug-iphonesimulator/pigeon-iPad.build/Objects
    setenv OBJECT_FILE_DIR_normal /Users/kd322/Documents/pigeon/build/iphone/build/pigeon.build/Debug-iphonesimulator/pigeon-iPad.build/Objects-normal
    setenv OBJROOT /Users/kd322/Documents/pigeon/build/iphone/build
    setenv ONLY_ACTIVE_ARCH NO
    setenv OPTIMIZATION_LEVEL 0
    setenv OS MACOS
    setenv OSAC /usr/bin/osacompile
    setenv OTHER_CFLAGS "-DIPAD -DTI_POST_1_2 -DDEBUG"
    setenv OTHER_CPLUSPLUSFLAGS "-DIPAD -DTI_POST_1_2 -DDEBUG"
    setenv OTHER_LDFLAGS "-ObjC -weak_framework iAd"
    setenv PACKAGE_TYPE com.apple.package-type.wrapper.application
    setenv PASCAL_STRINGS YES
    setenv PATH "/Developer/Platforms/iPhoneSimulator.platform/Developer/usr/bin:/Developer/usr/bin:/usr/bin:/bin:/usr/sbin:/sbin"
    setenv PATH_PREFIXES_EXCLUDED_FROM_HEADER_DEPENDENCIES "/usr/include /usr/local/include /System/Library/Frameworks /System/Library/PrivateFrameworks /Developer/Headers /Developer/SDKs /Developer/Platforms"
    setenv PBDEVELOPMENTPLIST_PATH pigeon.app/pbdevelopment.plist
    setenv PFE_FILE_C_DIALECTS "c objective-c c++ objective-c++"
    setenv PKGINFO_FILE_PATH /Users/kd322/Documents/pigeon/build/iphone/build/pigeon.build/Debug-iphonesimulator/pigeon-iPad.build/PkgInfo
    setenv PKGINFO_PATH pigeon.app/PkgInfo
    setenv PLATFORM_DEVELOPER_APPLICATIONS_DIR /Developer/Platforms/iPhoneSimulator.platform/Developer/Applications
    setenv PLATFORM_DEVELOPER_BIN_DIR /Developer/Platforms/iPhoneSimulator.platform/Developer/usr/bin
    setenv PLATFORM_DEVELOPER_LIBRARY_DIR /Developer/Platforms/iPhoneSimulator.platform/Developer/Library
    setenv PLATFORM_DEVELOPER_SDK_DIR /Developer/Platforms/iPhoneSimulator.platform/Developer/SDKs
    setenv PLATFORM_DEVELOPER_TOOLS_DIR /Developer/Platforms/iPhoneSimulator.platform/Developer/Tools
    setenv PLATFORM_DEVELOPER_USR_DIR /Developer/Platforms/iPhoneSimulator.platform/Developer/usr
    setenv PLATFORM_DIR /Developer/Platforms/iPhoneSimulator.platform
    setenv PLATFORM_NAME iphonesimulator
    setenv PLATFORM_PRODUCT_BUILD_VERSION 8F190
    setenv PLATFORM_VERSION_AVAILABILITY_H_FORMAT 40300
    setenv PLIST_FILE_OUTPUT_FORMAT binary
    setenv PLUGINS_FOLDER_PATH pigeon.app/PlugIns
    setenv PREBINDING NO
    setenv PRECOMPS_INCLUDE_HEADERS_FROM_BUILT_PRODUCTS_DIR YES
    setenv PRECOMP_DESTINATION_DIR /Users/kd322/Documents/pigeon/build/iphone/build/pigeon.build/Debug-iphonesimulator/pigeon-iPad.build/PrefixHeaders
    setenv PRESERVE_DEAD_CODE_INITS_AND_TERMS NO
    setenv PRIVATE_HEADERS_FOLDER_PATH pigeon.app/PrivateHeaders
    setenv PRODUCT_NAME pigeon
    setenv PRODUCT_SETTINGS_PATH /Users/kd322/Documents/pigeon/build/iphone/Info.plist
    setenv PRODUCT_TYPE com.apple.product-type.application
    setenv PROFILING_CODE NO
    setenv PROJECT pigeon
    setenv PROJECT_DERIVED_FILE_DIR /Users/kd322/Documents/pigeon/build/iphone/build/pigeon.build/DerivedSources
    setenv PROJECT_DIR /Users/kd322/Documents/pigeon/build/iphone
    setenv PROJECT_FILE_PATH /Users/kd322/Documents/pigeon/build/iphone/pigeon.xcodeproj
    setenv PROJECT_NAME pigeon
    setenv PROJECT_TEMP_DIR /Users/kd322/Documents/pigeon/build/iphone/build/pigeon.build
    setenv PUBLIC_HEADERS_FOLDER_PATH pigeon.app/Headers
    setenv RECURSIVE_SEARCH_PATHS_FOLLOW_SYMLINKS YES
    setenv REMOVE_CVS_FROM_RESOURCES YES
    setenv REMOVE_GIT_FROM_RESOURCES YES
    setenv REMOVE_SVN_FROM_RESOURCES YES
    setenv REZ_COLLECTOR_DIR /Users/kd322/Documents/pigeon/build/iphone/build/pigeon.build/Debug-iphonesimulator/pigeon-iPad.build/ResourceManagerResources
    setenv REZ_OBJECTS_DIR /Users/kd322/Documents/pigeon/build/iphone/build/pigeon.build/Debug-iphonesimulator/pigeon-iPad.build/ResourceManagerResources/Objects
    setenv REZ_SEARCH_PATHS "\"/Users/kd322/Documents/pigeon/build/iphone/build/Debug-iphonesimulator\" "
    setenv RUN_CLANG_STATIC_ANALYZER NO
    setenv SCAN_ALL_SOURCE_FILES_FOR_INCLUDES NO
    setenv SCRIPTS_FOLDER_PATH pigeon.app/Scripts
    setenv SCRIPT_INPUT_FILE_COUNT 0
    setenv SCRIPT_OUTPUT_FILE_COUNT 0
    setenv SDKROOT /Developer/Platforms/iPhoneSimulator.platform/Developer/SDKs/iPhoneSimulator4.3.sdk
    setenv SDK_DIR /Developer/Platforms/iPhoneSimulator.platform/Developer/SDKs/iPhoneSimulator4.3.sdk
    setenv SDK_NAME iphonesimulator4.3
    setenv SDK_PRODUCT_BUILD_VERSION 8F190
    setenv SED /usr/bin/sed
    setenv SEPARATE_STRIP NO
    setenv SEPARATE_SYMBOL_EDIT NO
    setenv SET_DIR_MODE_OWNER_GROUP YES
    setenv SET_FILE_MODE_OWNER_GROUP NO
    setenv SHALLOW_BUNDLE YES
    setenv SHARED_DERIVED_FILE_DIR /Users/kd322/Documents/pigeon/build/iphone/build/Debug-iphonesimulator/DerivedSources
    setenv SHARED_FRAMEWORKS_FOLDER_PATH pigeon.app/SharedFrameworks
    setenv SHARED_PRECOMPS_DIR /var/folders/3D/3DviYTj4Hp43+3mvrkoigU+++TQ/-Caches-/com.apple.Xcode.503/SharedPrecompiledHeaders
    setenv SHARED_SUPPORT_FOLDER_PATH pigeon.app/SharedSupport
    setenv SKIP_INSTALL YES
    setenv SOURCE_ROOT /Users/kd322/Documents/pigeon/build/iphone
    setenv SRCROOT /Users/kd322/Documents/pigeon/build/iphone
    setenv STANDARD_C_PLUS_PLUS_LIBRARY_TYPE dynamic
    setenv STRINGS_FILE_OUTPUT_ENCODING binary
    setenv STRIP_INSTALLED_PRODUCT YES
    setenv STRIP_STYLE all
    setenv SUPPORTED_DEVICE_FAMILIES "1 2"
    setenv SYMBOL_REPOSITORY_DIR /Users/kd322/Documents/pigeon/build/iphone/build/pigeon.build/Debug-iphonesimulator/pigeon-iPad.build/SymbolRepositories
    setenv SYMROOT /Users/kd322/Documents/pigeon/build/iphone/build
    setenv SYSTEM_ADMIN_APPS_DIR /Applications/Utilities
    setenv SYSTEM_APPS_DIR /Applications
    setenv SYSTEM_CORE_SERVICES_DIR /System/Library/CoreServices
    setenv SYSTEM_DEMOS_DIR /Applications/Extras
    setenv SYSTEM_DEVELOPER_APPS_DIR /Developer/Applications
    setenv SYSTEM_DEVELOPER_BIN_DIR /Developer/usr/bin
    setenv SYSTEM_DEVELOPER_DEMOS_DIR "/Developer/Applications/Utilities/Built Examples"
    setenv SYSTEM_DEVELOPER_DIR /Developer
    setenv SYSTEM_DEVELOPER_DOC_DIR "/Developer/ADC Reference Library"
    setenv SYSTEM_DEVELOPER_GRAPHICS_TOOLS_DIR "/Developer/Applications/Graphics Tools"
    setenv SYSTEM_DEVELOPER_JAVA_TOOLS_DIR "/Developer/Applications/Java Tools"
    setenv SYSTEM_DEVELOPER_PERFORMANCE_TOOLS_DIR "/Developer/Applications/Performance Tools"
    setenv SYSTEM_DEVELOPER_RELEASENOTES_DIR "/Developer/ADC Reference Library/releasenotes"
    setenv SYSTEM_DEVELOPER_TOOLS /Developer/Tools
    setenv SYSTEM_DEVELOPER_TOOLS_DOC_DIR "/Developer/ADC Reference Library/documentation/DeveloperTools"
    setenv SYSTEM_DEVELOPER_TOOLS_RELEASENOTES_DIR "/Developer/ADC Reference Library/releasenotes/DeveloperTools"
    setenv SYSTEM_DEVELOPER_USR_DIR /Developer/usr
    setenv SYSTEM_DEVELOPER_UTILITIES_DIR /Developer/Applications/Utilities
    setenv SYSTEM_DOCUMENTATION_DIR /Library/Documentation
    setenv SYSTEM_LIBRARY_DIR /System/Library
    setenv TARGETED_DEVICE_FAMILY 2
    setenv TARGETNAME pigeon-iPad
    setenv TARGET_BUILD_DIR /Users/kd322/Documents/pigeon/build/iphone/build/Debug-iphonesimulator
    setenv TARGET_NAME pigeon-iPad
    setenv TARGET_TEMP_DIR /Users/kd322/Documents/pigeon/build/iphone/build/pigeon.build/Debug-iphonesimulator/pigeon-iPad.build
    setenv TEMP_DIR /Users/kd322/Documents/pigeon/build/iphone/build/pigeon.build/Debug-iphonesimulator/pigeon-iPad.build
    setenv TEMP_FILES_DIR /Users/kd322/Documents/pigeon/build/iphone/build/pigeon.build/Debug-iphonesimulator/pigeon-iPad.build
    setenv TEMP_FILE_DIR /Users/kd322/Documents/pigeon/build/iphone/build/pigeon.build/Debug-iphonesimulator/pigeon-iPad.build
    setenv TEMP_ROOT /Users/kd322/Documents/pigeon/build/iphone/build
    setenv TI_APPID com.caret.pigeon
    setenv TI_SDK_DIR "/Users/kd322/Library/Application Support/Titanium/mobilesdk/osx/1.6.1/iphone"
    setenv TI_VERSION 1.6.1
    setenv UID 503
    setenv UNLOCALIZED_RESOURCES_FOLDER_PATH pigeon.app
    setenv UNSTRIPPED_PRODUCT NO
    setenv USER kd322
    setenv USER_APPS_DIR /Users/kd322/Applications
    setenv USER_LIBRARY_DIR /Users/kd322/Library
    setenv USE_DYNAMIC_NO_PIC YES
    setenv USE_HEADERMAP YES
    setenv USE_HEADER_SYMLINKS NO
    setenv VALIDATE_PRODUCT NO
    setenv VALID_ARCHS "armv6 armv7 i386"
    setenv VERBOSE_PBXCP NO
    setenv VERSIONPLIST_PATH pigeon.app/version.plist
    setenv VERSION_INFO_BUILDER kd322
    setenv VERSION_INFO_FILE pigeon_vers.c
    setenv VERSION_INFO_STRING "\"@(#)PROGRAM:pigeon  PROJECT:pigeon-\""
    setenv WRAPPER_EXTENSION app
    setenv WRAPPER_NAME pigeon.app
    setenv WRAPPER_SUFFIX .app
    setenv XCODE_APP_SUPPORT_DIR /Developer/Library/Xcode
    setenv XCODE_PRODUCT_BUILD_VERSION 10M2518
    setenv XCODE_VERSION_ACTUAL 0400
    setenv XCODE_VERSION_MAJOR 0400
    setenv XCODE_VERSION_MINOR 0400
    setenv YACC /Developer/usr/bin/yacc
    /bin/sh -c /Users/kd322/Documents/pigeon/build/iphone/build/pigeon.build/Debug-iphonesimulator/pigeon-iPad.build/Script-24D8E4AD119B9D8A00F8CAA6.sh

post-compile
Touch build/Debug-iphonesimulator/pigeon.app
    cd /Users/kd322/Documents/pigeon/build/iphone
    setenv PATH "/Developer/Platforms/iPhoneSimulator.platform/Developer/usr/bin:/Developer/usr/bin:/usr/bin:/bin:/usr/sbin:/sbin"
    /usr/bin/touch -c /Users/kd322/Documents/pigeon/build/iphone/build/Debug-iphonesimulator/pigeon.app

** BUILD SUCCEEDED **

+ Looking for application binary at /Users/kd322/Documents/pigeon/build/iphone/build/Debug-iphonesimulator/pigeon.app/pigeon
Finishing build
